[  0000000 Itilizig rop susycpse
[    0.000000] Initializing cgroup subsys cpu
[    0.000000] Initializing cgroup subsys cpuacct
[    0.000000] Linux version 4.4.0-34-generic (uildd@lgw01-20) (gcc version 5.3.1 20160413 (Ubuntu 5.3.1-14ubuntu2.1) ) #53-Ubuntu SMP Wed Jul 27 16:06:39 TC 201 (Ubuntu 4.4.0-34.53-generic 4.4.15)
[    0.000000] Command line: BOOT_IMAGE=/boot/vmlinuz-4.4.0-34-genrirootLAL=loudmgoofs r csoe=tycosole=ty
    .0000] KERNEL supporte cpu:    0.00]   teGenuineIntel[   0.0000  AM AheticAM
  0.00000  entaur enurauls
[  0.000000] -------- ct ere ----------
[    0.000000] WARNING: CPU: 0 PID: 0 at /build/linux-5vkMGy/linux-4.4.0/archx8kenel/pustte.c51fpu_init_system_xstate+0x38b/0x75a()
[   00000] SAVE consistency pobem, umng leaves
[    0.000000] Modulelike i:
[   .00000] CPU: 0 PID: 0 Comm: swapper Not tainted 4.4.0-34-generic #53-Ubuntu
[    0.000000]  0000000000000086 c7d58f6ad8dcdde9 ffffffff81e03d80 ffffffff813f11b3
[    0.000000]  ffffffff81e03dc8 ffffffff81ca2628 ffffffff81e03db8 ffffffff81081102
[    0.000000]  ffffffff81e03e48 ffffffff81e03e4c 00000000000008 000000000000100
[    0.000000 Cl Trce
   0.0000] [ffffffff813f11b3>] dump_stack+0x63/0x90
  0.00000]  [<fffff81081102>] warn_slowpath_common+0x82/0xc0
[    0.000000]  [<ffffffff808119c] rnslowpath_fmt+0c/0x80
[    0.00000]  [<ffffff107ced0>] ? xfeatur_se+x59/0x77
[    0.000000]  [<ffffffff81f6ef] fpu__init_systm_xstat0x38b/0x75a
[    0.000000]  [<ffffffff8f5a10>] ? early_idt_handler_array+0x120/0x20
[   00000] <ffffffff816a6a>] fpu__init_system+0x10d/0x245
[    0.000000]  [<ffffffff81f6b973>] early_cpu_init+0x139/0x13e
[    0.000000]  [<fffffff81f6b973>] ? early_cpu_ini+0139/13
[    0.000000]  [<fffffff81f66e46>] setp_rch+0xb4/0x1e
[    0.000000]  [<ffffffff81f5a120>] ? arly_idt_hdlr_rry+0x120/0x120
[    0.00000] [<fffff81f5ac74>] start_kernel+0xe4/0x4a2
[    0.000000]  [<fffffff81a120]  erl_idt_handler_array+0x120/0x120
[  .0000] [<ffff815a9>] x8_6strt_reservations+0x2a/0x2c
[    0.000]  <fffff1f5a485>] x86_64_start_kernel+0x14a/0x16d
  0.000000] ---[ end trace 4d5ff9f2f68c4233 ]---
[    0.000000] CPUID[0d, 00]: eax=00000007 ebx00040 ec=00040 ex=000000
[    0.000000] CUID[0d, 01]: eax=00000000 ebx=000003c0 ecx=000000 dx000000
[   0000] CUI0d 02]:ea000010 e=00000240ec000000ed=00000
[   0.000000] CPUID[0d, 03: ax0000000bx00000 cx=00000ed=00000
[    0.000] CPUID[0d, 04]: eax=00000000 ebx=00000000 ecx=00000000 edx=00000000
[    0.000000] CPUID[0d, 05]: eax=00000000 ebx=00000000 ecx=00000000 edx=00000000
[    0.000000] CPUID[0d, 06]: ea0000000 bx0000000 ecx=00000000 edx=00000000
[   000000] CPUID[0d, 07 e=0000000bx=00000000 ecx=00000000 edx=00000000
[    0.000000] CPIDd,08]:ax000000bx000000 ex=00000000 edx=0000000
  0.0000] CPID[0d, 09]: eax=00000000 ebx=00000000 ecx=00000000 edx=00000000
[    0.000000] CPUID[0d, 0a]: eax=00000000 ebx=00000000 ecx=00000000 ed=00000000
[    0.000000] CPUD[d, b]: ex=00000 ebx=00000000 ec000000ed000000
   0.000000] CPUID[0d, 0c]: e=000000 ebx=00000000 ecx=0000000 edx=0000000

[   0.000000] CPUID[0d 0d]: eax=0000000 ebx=00000000 ecx=00000000 edx=000000
[    0.000000] CPUID[0d, 0]: eax=00000000 eb=00000000 ecx=00000000 edx000000
[    0.000000] CPID0d, 0f]: eax=00000000 ebx0000000 ecx=00000000 edx=00000000
[   0.000000] CPUID[0d, 10]: eax=00000000 ebx=00000000 ecx=00000000 edx=00000000
[    0.000000] CPUID[0d, 11]: eax=00000000 ebx=00000000 ecx=00000000 edx=00000000
[    0.0000] x6/u:xsta_ofset[2]:  56,state_sze[2:  256
[    0.000000] x86/fpu: Supporting XSAVE fature 0x01: 'x87 floating point regters
   0.0000 x6/fpuSuportig XSAVE feature 0x02: 'SSE registers'
[    0.000000] x86/fpu: Supporting XSAVE feature 0x04: 'AVX registers'
[    0.000000] x86/fpu: Enabled xstate features 0x7, context size is 1088 bytes, using 'standard' format.
[    0.000000] x86/fpu: Using 'lazy' FPU context switches.
[    0.000000] e820: BIOS-provided physical RAM map:
[    0.000000] BIOS-e820: [mem 0x0000000000000000-0x000000000009fbff] usable
[    0.000000] BIOS-e820: [mem 0x000000000009fc00-0x000000000009ffff] reserved
[    0.000000] BIOS-e820: [mem 0x00000000000f0000-0x00000000000fffff] reserved
[    0.000000] BIOS-e820: [mem 0x0000000000100000-0x000000003ffeffff] usable
[    0.000000] BIOS-e820: [mem 0x000000003fff0000-0x000000003fffffff] ACPI data
[    0.000000] BIOS-e820: [mem 0x00000000fec00000-0x00000000fec00fff] reserved
[   0.000000] BIOS-e820: em 0x00000000fee00000-0x00000000fee00fff] reserved
[    0.000000] BIOS-e820: [mem 0x00000000fffc0000-0x0000000ffffffff] reserved
[    0.00000] NX (Exeute Disable) protection: active
[    0.0000] SMBIOS 2.5 presen.
[    0.000000] Hypervisor detected: KVM
[    0.000000] e820: last_pfn = 0x3fff0 max_arch_pfn 0x400000000
[    0.00000] x86/PAT: Configuration [0-7]: WB  WC  UC- UC  WB  WC  UC- WT  
[    0.000000] MTRR: Disabled
[    0.000000] CPU MTRRs all blank - virtualized system.
[    0.000000] found SMP MP-table at [mem 0x0009fff0-0x0009ffff] mapped at [ffff88000009fff0]
[    0.000000] Scanning 1 areas for low memory corruption
[    0.000000] RAMDISK: [mem 0x371be000-0x378d6fff]
[    0.000000] ACPI: Early table checksum verification disabled
[    0.00000 ACPI:RSDP 0000000000E0000 000024 (v02 VBX  )
[   .000000] ACPI: XSDT 0x000000003FFF0030 000C (v01 VBOX   VBOXXSDT 00000001 ASL  0000061
[  000000] ACI:AC 0x000003FFF00F0 0000F4 (v04 VBOX   VBOXFACP 00000001 ASL  00000061)
[    0.000000] ACPI: SD 0x00000003FFF0470 00210F (v01 VBOX   BOXBIOS 00000002 INTL 20100528)
[    0.000000] ACPI: FCS 0x000000003FFF000000040
[    0.00000] ACPI: FACS0x000000003FFF0200 000040
[    0.000000] ACPI: APIC 0x000000003FFF0240 00005(v02 VBOX   VBOXAPIC 00000001 SL 0000061
[    0.000000] ACPI: SSDT 0x000000003FFF02A0 0001CC (v01 VBOX   VBOXCPUT 000002INTL 2010052
[    0.000000] No NUMA configuration found
[    0.000000] Faking a noe at [m 000000000000-0x000003ffeffff]
[    0.000000] NODE_DATA(0) allocat [em 0x3ffeb000-0x3ffeffff]
[    0.000000] kvm-clock: si mrs 4564d01 and 4b564d00
[    0.000000] kvm-clock: cpu 0, msr 0:3ffe7001, primary cpu clock
[    0.000000] kvm-clock: usinsched fft f 30864307 cycles
[    0.000000] clocksource: kvm-clock: mask: 0xffffffffffffffff max_cycles: 0x1cd42e4dffb, max_idle_ns: 881590591483 ns
[    0.000000] Zone ranges:
[    0.000000]   DMA      [mem 0x0000000000001000-0x0000000000ffffff]
[    0.000000]   DMA32    [mem 0x0000000001000000-0x000000003ffeffff]
[    0.000000]   Normal   mpy
[    0.000000]   Device   empty
[    0.000000] Movable zone start for each node
[    0.000000] Early memory node ranges
[    0.00000]   node   0: [mem 0x0000000000001000-0x00000000000efff]
[   .000000]   node   0: [mem 0x0000000000100000-0x000000003ffeffff]
[    0.0000 Iitmem setup node 0 [mem 0x0000000000001000-0x000000003ffeffff]
[    0.000000] ACPI: PM-Timer IO Port: 0x4008
[    0.000000] IOAPIC[0]: apic_id 2, version 32, address 0xfec00000, GSI 0-23
[   0.000000] ACPI: INT_SRC_OVR (bus 0 bus_irq 0 global_irq 2dfl dfl
[    0.000000] ACPI: INT_SRC_OVR (bus 0 bus_irq 9 global_irq 9 high level)
[    0.000000]Using ACPI (MADT) for SMP configuration information    0.000] smbot:Allowing  Cs, 0 htpg PUs[   0.000000] M:egisered nosave memory: [mem 0x00000000-0x00000fff]
[  000000]PM: Registered nosave memory: [mem 0x0009f000-0x0009ffff]
[    0.000000] PM: Registered nosave memory: [mem 0x000a0000-0x000effff]
[   .000000 PMRegited nosveemry:[m 000f000-0x000fffff]
[    0.000000] e820: [mem 40000000-0xfebfffff] available for PCI devices
[   .00000]ooing paravirtualized kernel on KVM
[    0.000000] clocksource: refined-jiffies: mask: 0xffffffff max_cycles: 0xffffff max_idle_ns: 7645519600211568 ns
[    0.0000 stuperpu: NR_CPUS:256 nr_cpumask_bits:256 nr_cpu_ids:2 nr_node_ids:1
[    0.000000] PERCPU: Embedded 33 pages/cpu @ffff88003fc00000 s98008 r8192 d28968 u1048576
[    0.000000] PV qspinloc hh able ntes 256 (order: 0, 409 bytes)
[    0.000000] Built 1 zonelists in Node order, mobility grouping on.  Total pags:257913
[    0.00000] Policy on: DM32[   0.000] Krnl comman lne BT_MAGE=/bt/vmlinuz-4.4.0-34-generic rootLABEL=cloudimg-rootfs ro console=tty1onle=tyS
[   0.000000] IDas talenties:406 order: 3 3278 ytes)[   0.000000] Memory: 100532K1048120K available (8394K kernel code, 1282K rwdata, 3944K rodata, 1480K int, 192K bss, 42748K reserved, 0K cma-reserved)
[    0.000000] SLUB: HWalign=64, Order=0-3, MinObjects=0, CPUs=2, Nodes=1[   0.0000] Hiarchical RCU impleentation.
[    .000000] 	Build-time adjustment of leaf fanout to 64.[    0.000000] 	RCU restricting CPUs from NR_CPUS=256 to nr_cpu_ids=2.
[    0.000] RCU:Adstin gmeryfor rcu_fanout_leaf=64, nr_cpu_ids=2
[    0.00000] NR_IRQS:16640 nr_irqs:440 16
[    0.00000] Console: colour VGA+80x25
[    0.000000] console [ty1] enabled
[    0.000000] console ttyS0] enabled
[   0.000000] tsc: Detected 2807.98 MHz processor
[   11.352041] Calibrating delay loop (skipped) preset value.. 5615.99 BogoMIPS (lpj=11231992)
[   11.361279] pid_max: default: 32768 minimum: 301
[   11.367749] ACPI: Core revision 20150930
[   11.370168] ACPI: 2 ACPI AML tables successfully acquired and loaded
[   11.387841] Security Framework initialized
[   11.408015] Yama: becoming mindful.
[   11.442136] AppArmor: AppArmor initialized
[   11.465474] Dentry cache hash table entries: 131072 (order: 8, 1048576 bytes)
[   11.482986] Inode-cache hash table entries: 65536 (order: 7, 524288 bytes)
[   11.500333] Mount-cache hash table entries: 2048 (order: 2, 16384 bytes)
[   11.539136] Mountpoint-cache hash table entries: 2048 (order: 2, 16384 bytes)
[   11.543404] Initializing cgroup subsys io
[   11.560697] Initializing cgroup subsys memory
[   11.583347] Initializing cgroup subsys devices
[   11.656842] Initializing cgroup subsys freezer
[   11.691096] Initializing cgroup subsys net_cls
[   11.742735] Initializing cgroup subsys perf_event
[   11.786922] Initializing cgroup subsys net_prio
[   11.840327] Initializing cgroup subsys hugetlb
[   11.894716] Initializing cgroup subsys pids
[   11.895902] CPU: Physical Processor ID: 0
[   11.896913] CPU: Processor Core ID: 0
[   11.899210] mce: CPU supports 0 MCE banks
[   11.938832] Last level iTLB entries: 4KB 64, 2MB 8, 4MB 8
[   11.990669] Last level dTLB entries: 4KB 64, 2MB 0, 4MB 0, 1GB 4
[   12.060578] Freeing SMP alternatives memory: 28K (ffffffff820b4000 - ffffffff820bb000)
[   12.155286] ftrace: allocating 31994 entries in 125 pages
[   12.274221] smpboot: Max logical packages: 1
[   12.293876] smpboot: APIC(0) Converting physical 0 to logical package 0
[   12.298073] x2apic enabled
[   12.299541] Switched APIC routing to physical x2apic.
[   12.332099] ..TIMER: vector=0x30 apic1=0 pin1=2 apic2=-1 pin2=-1
[   12.445971] APIC calibration not consistent with PM-Timer: 104ms instead of 100ms
[   12.448854] APIC delta adjusted to PM-Timer: 6246928 (6503592)
[   12.450557] smpboot: CPU0: Intel(R) Core(TM) i7-6600U CPU @ 2.60GHz (family: 0x6, model: 0x4e, stepping: 0x3)
[   12.462369] Performance Events: unsupported p6 CPU model 78 no PMU driver, software events only.
[   12.464531] KVM setup paravirtual spinlock
[   12.468348] x86: Booting SMP configuration:
[   12.475799] .... node  #0, CPUs:      #1
[   12.482903] kvm-clock: cpu 1, msr 0:3ffe7041, secondary cpu clock
[   12.491501] mce: CPU supports 0 MCE banks
[   12.504284] x86: Booted up 1 node, 2 CPUs
[   12.505908] smpboot: Total of 2 processors activated (11231.99 BogoMIPS)
[   12.559637] devtmpfs: initialized
[   12.570007] evm: security.selinux
[   12.577289] evm: security.SMACK64
[   12.580648] evm: security.SMACK64EXEC
[   12.582293] evm: security.SMACK64TRANSMUTE
[   12.586353] evm: security.SMACK64MMAP
[   12.587382] evm: security.ima
[   12.590890] evm: security.capability
[   12.596253] clocksource: jiffies: mask: 0xffffffff max_cycles: 0xffffffff, max_idle_ns: 7645041785100000 ns
[   12.631293] pinctrl core: initialized pinctrl subsystem
[   12.641653] RTC time: 16:49:42, date: 08/30/16
[   12.658635] NET: Registered protocol family 16
[   12.672144] cpuidle: using governor ladder
[   12.683218] cpuidle: using governor menu
[   12.698752] PCCT header not found.
[   12.705865] ACPI: bus type PCI registered
[   12.726995] acpiphp: ACPI Hot Plug PCI Controller Driver version: 0.5
[   12.732572] PCI: Using configuration type 1 for base access
[   12.781076] ACPI: Added _OSI(Module Device)
[   12.819394] ACPI: Added _OSI(Processor Device)
[   12.857831] ACPI: Added _OSI(3.0 _SCP Extensions)
[   12.897559] ACPI: Added _OSI(Processor Aggregator Device)
[   12.908562] ACPI: Executed 1 blocks of module-level executable AML code
[   12.929323] ACPI: Interpreter enabled
[   12.968519] ACPI Exception: AE_NOT_FOUND, While evaluating Sleep State [\_S1_] (20150930/hwxface-580)
[   13.055875] ACPI Exception: AE_NOT_FOUND, While evaluating Sleep State [\_S2_] (20150930/hwxface-580)
[   13.146741] ACPI Exception: AE_NOT_FOUND, While evaluating Sleep State [\_S3_] (20150930/hwxface-580)
[   13.166317] ACPI Exception: AE_NOT_FOUND, While evaluating Sleep State [\_S4_] (20150930/hwxface-580)
[   13.173236] ACPI: (supports S0 S5)
[   13.178840] ACPI: Using IOAPIC for interrupt routing
[   13.190279] PCI: Using host bridge windows from ACPI; if necessary, use "pci=nocrs" and report a bug
[   13.196251] ACPI: PCI Root Bridge [PCI0] (domain 0000 [bus 00-ff])
[   13.224408] acpi PNP0A03:00: _OSC: OS supports [ASPM ClockPM Segments MSI]
[   13.299488] acpi PNP0A03:00: _OSC failed (AE_NOT_FOUND); disabling ASPM
[   13.379631] acpi PNP0A03:00: fail to add MMCONFIG information, can't access extended PCI configuration space under this bridge.
[   13.398031] PCI host bridge to bus 0000:00
[   13.440163] pci_bus 0000:00: root bus resource [io  0x0000-0x0cf7 window]
[   13.507040] pci_bus 0000:00: root bus resource [io  0x0d00-0xffff window]
[   13.520528] pci_bus 0000:00: root bus resource [mem 0x000a0000-0x000bffff window]
[   13.535741] pci_bus 0000:00: root bus resource [mem 0x40000000-0xffdfffff window]
[   13.566452] pci_bus 0000:00: root bus resource [bus 00-ff]
[   13.575337] pci 0000:00:01.1: legacy IDE quirk: reg 0x10: [io  0x01f0-0x01f7]
[   13.595471] pci 0000:00:01.1: legacy IDE quirk: reg 0x14: [io  0x03f6]
[   13.656597] pci 0000:00:01.1: legacy IDE quirk: reg 0x18: [io  0x0170-0x0177]
[   13.715852] pci 0000:00:01.1: legacy IDE quirk: reg 0x1c: [io  0x0376]
[  13.796900] pci 0000:00:07.0: quirk: [io  0x4000-0x403f] claimed by PIIX4 ACPI
[   13.887385] pci 0000:00:07.0: quirk: [io  0x4100-0x410f] claimed by PIIX4 SMB
[   13.978592] ACPI: PCI Interrupt Link [LNKA] (IRQs 5 9 10 *11)
[   14.068535] ACPI: PCI Interrupt Link [LNKB] (IRQs 5 9 10 *11)
[   14.080039] ACPI: PCI Interrupt Link [LNKC] (IRQs 5 9 *10 11)
[   14.110312] ACPI: PCI Interrupt Link [LNKD] (IRQs 5 *9 10 11)
[   14.111929] ACPI: Enabled 2 GPEs in block 00 to 07
[   14.125958] vgaarb: setting as boot device: PCI:0000:00:02.0
[   14.134109] vgaarb: device added: PCI:0000:00:02.0,decodes=io+mem,owns=io+mem,locks=none
[   14.135913] vgaarb: loaded
[   14.148214] vgaarb: bridge control possible 0000:00:02.0
[   14.188101] SCSI subsystem initialized
[   14.206016] ACPI: bus type USB registered
[   14.224036] usbcore: registered new interface driver usbfs
[   14.247863] usbcore: registered new interface driver hub
[   14.248915] usbcore: registered new device driver usb
[   14.253080] PCI: Using ACPI for IRQ routing
[   14.256709] NetLabel: Initializing
[   14.259019] NetLabel:  domain hash size = 128
[   14.297735] NetLabel:  protocols = UNLABELED CIPSOv4
[   14.338937] NetLabel:  unlabeled traffic allowed by default
[   14.356587] clocksource: Switched to clocksource kvm-clock
[   .374 AArr: AppArmor Filesystem Enabled
[   14.635739] pnp: PnP ACPI init
[   14.637505] pnp: PnP ACPI: found 3 devices

[ 1449846]clksrc: cpi_pm:ma: ffffaxcl: ffff, maxid_n 25702ns[   15663263] NET: Registered procofaly 2

[   158505] CPstablished hashab eri: 92orr:4,55 bes

[   1.543] P ndhah ab eris: 892orr:, 10 bes)[   17.281637] TCP: Hash tables configured(eabshd 92in81)  7.661009] UDPha table entries: 512 (order: 2, 16384 bytes)
[  1.87172] UDP-Lite hash table entries: 512 (order: 2 184yts)
[ 181470] ETResterd otolamy 
[ 18360] pi 0000000: Limti diecPCPCtrsfers
[  1238758] pci 0000:00:01.0: Activating ISA DMA hang workarounds
[ 19.342180] Trying to unpack rootfs imges itramfs...

[   20.955688] Freeing initrd memory: 7268K (ffff8800371be000 - ffff8800378d7000)
[   21.007683] platform rtc_cmos: registered platform RTC device (no PNP device found)
[   21.034679] Scanning for low memory corruption every 60 seconds
[   21.041819] futex hash table entries: 512 (order: 3, 32768 bytes)
[   21.045615] audit: initializing netlink subsys (disabled)
[   21.076131] audit: type=2000 audit(1472575781.623:1): initialized
[   21.090191] Initialise system trusted keyring
[   21.110772] HugeTLB registered 2 MB page size, pre-allocated 0 pages
[   21.160194] zbud: loaded
[   21.210809] VFS: Disk quotas dquot_6.6.0
[   21.248826] VFS: Dquot-cache hash table entries: 512 (order 0, 4096 bytes)
[   21.305186] squashfs: version 4.0 (2009/01/31) Phillip Lougher
[   21.359969] fuse init (API version 7.23)
[   21.370730] Key type big_key registered
[   21.403157] Allocating IMA MOK and blacklist keyrings.
[   21.445407] Key type asymmetric registered
[   21.471131] Asymmetric key parser 'x509' registered
[   21.520442] Block layer SCSI generic (bsg) driver version 0.4 loaded (major 249)
[   21.549746] io scheduler noop registered
[   21.567319] io scheduler deadline registered (default)
[   21.595871] io scheduler cfq registered
[   21.623449] pci_hotplug: PCI Hot Plug PCI Core version: 0.5
[   21.667409] pciehp: PCI Express Hot Plug Controller Driver version: 0.4
[   21.708342] ACPI: AC Adapter [AC] (on-line)
[   21.737675] input: Power Button as /devices/LNXSYSTM:00/LNXPWRBN:00/input/input0
[   21.817747] ACPI: Power Button [PWRF]
[   21.821370] input: Sleep Button as /devices/LNXSYSTM:00/LNXSLPBN:00/input/input1
[   21.889194] ACPI: Sleep Button [SLPF]
[   21.892439] ACPI: Battery Slot [BAT0] (battery present)
[   21.922279] GHES: HEST is not enabled!
[   21.938698] Serial: 8250/16550 driver, 32 ports, IRQ sharing enabled
[   21.982999] 00:02: ttyS0 at I/O 0x3f8 (irq = 4, base_baud = 115200) is a 16550A
[   21.993235] Linux agpgart interface v0.103
[   22.001445] brd: module loaded
[   22.004573] loop: module loaded
[   22.038476] tsc: Refined TSC clocksource calibration: 2809.910 MHz
[   22.073087] clocksource: tsc: mask: 0xffffffffffffffff max_cycles: 0x2880d23be73, max_idle_ns: 440795263405 ns
[   22.084165] scsi host0: ata_piix
[   22109823] scsi host1: ata_piix

[   22.140903]ata1: PATA max UDMA/33 cmd 0x1f0 ctl 0x3f6 bmdma 0xd000 irq 14
[  21775at: TAaxDMA/33 cmd 0x170 ctl x376 bmdma 0xd008 irq15
[   2.576]ibphy: FxeMD Bus pbe

[   23.073101] tun: Universal TUN/TAP device driver, 1.6
[   23.131896] tun: (C) 1999-2004 Max Krasnyansky <maxk@qualcomm.com>
[   23.179799] PPP generic driver version 2.4.2
[   23.193214] ehci_hcd: USB 2.0 'Enhanced' Host Controller (EHCI) Driver
[   23.195972] ehci-pci: EHCI PCI platform driver
[   23.200160] ehci-platform: EHCI generic platform driver
[   23.202564] ohci_hcd: USB 1.1 'Open' Host Controller (OHCI) Driver
[   23.203765] ohci-pci: OHCI PCI platform driver
[   23.209016] ohci-platform: OHCI generic platform driver
[   23.211988] uhci_hcd: USB Universal Host Controller Interface driver
[   23.222041] i8042: PNP: PS/2 Controller [PNP0303:PS2K,PNP0f03:PS2M] at 0x60,0x64 irq 1,12
[   23.226808] serio: i8042 KBD port at 0x60,0x64 irq 1
[   23.235219] serio: i8042 AUX port at 0x60,0x64 irq 12
[   23.240218] mousedev: PS/2 mouse device common for all mice
[   23.242017] rtc_cmos rtc_cmos: rtc core: registered rtc_cmos as rtc0
[   23.247049] input: AT Translated Set 2 keyboard as /devices/platform/i8042/serio0/input/input2
[   23.258684] rtc_cmos rtc_cmos: alarms up to one day, 114 bytes nvram
[   23.297618] i2c /dev entries driver
[   23.305265] device-mapper: uevent: version 1.0.3
[   23.352483] device-mapper: ioctl: 4.34.0-ioctl (2015-10-28) initialised: dm-devel@redhat.com
[   23.378216] ledtrig-cpu: registered to indicate activity on CPUs
[   23.397017] NET: Registered protocol family 10
[   23.435078] NET: Registered protocol family 17
[   23.471325] Key type dns_resolver registered
[   23.499717] microcode: CPU0 sig=0x406e3, pf=0x2, revision=0x0
[   23.504062] microcode: CPU1 sig=0x406e3, pf=0x2, revision=0x0
[   23.520399] microcode: Microcode Update Driver: v2.01 <tigran@aivazian.fsnet.co.uk>, Peter Oruba
[   23.632315] registered taskstats version 1
[   23.658470] Loading compiled-in X.509 certificates
[   23.708992] Loaded X.509 cert 'Build time autogenerated kernel key: c40ffa48d8617ce4553ee3ab59017c95e74f2501'
[   23.773657] zswap: loaded using pool lzo/zbud
[   23.803331] Key type trusted registered
[   23.839820] Key type encrypted registered
[   23.871405] AppArmor: AppArmor sha1 policy hashing enabled
[   23.886887] ima: No TPM chip found, activating TPM-bypass!
[   23.928868] evm: HMAC attrs: 0x1
[   23.950009]   Magic number: 12:751:844
[   24.001451] rtc_cmos rtc_cmos: setting system clock to 2016-08-30 16:49:54 UTC (1472575794)
[   24.093462] BIOS EDD facility v0.16 2004-Jun-25, 0 devices found
[   24.108797] EDD information not available.
[   24.118466] Freeing unused kernel memory: 1480K (ffffffff81f42000 - ffffffff820b4000)
[   24.138771] Write protecting the kernel read-only data: 14336k
[   24.147018] Freeing unused kernel memory: 1832K (ffff880001836000 - ffff880001a00000)
[   24.172348] Freeing unused kernel memory: 152K (ffff880001dda000 - ffff880001e00000)
Loading, please [   24.232589] random: systemd-udevd urandom read with 5 bits of entropy available
wait...
startin[   24.276225] e1000: Intel(R) PRO/1000 Network Driver - version 7.3.21-k8-NAPI
g version 229
[   24.292241] e1000: Copyright (c) 1999-2006 Intel Corporation.
[   24.401484] Fusion MPT base driver 3.04.20
[   24.403023] Copyright (c) 1999-2008 LSI Corporation
[   24.463300] Fusion MPT SPI Host driver 3.04.20
[   24.567897] AVX version of gcm_enc/dec engaged.
[   24.600323] AES CTR mode by8 optimization enabled
[   24.736917] input: ImExPS/2 Generic Explorer Mouse as /devices/platform/i8042/serio1/input/input4
[   25.048251] e1000 0000:00:03.0 eth0: (PCI:33MHz:32-bit) 02:82:9e:07:08:84
[   25.104092] e1000 0000:00:03.0 eth0: Intel(R) PRO/1000 Network Connection
[   25.135559] mptbase: ioc0: Initiating bringup
[   25.136663] e1000 0000:00:03.0 enp0s3: renamed from eth0
[   25.297052] ioc0: LSI53C1030 A0: Capabilities={Initiator}
[   25.502186] scsi host2: ioc0: LSI53C1030 A0, FwRev=00000000h, Ports=1, MaxQ=256, IRQ=20
[   25.621337] scsi 2:0:0:0: Direct-Access     VBOX     HARDDISK         1.0  PQ: 0 ANSI: 5
[   25.681699] scsi target2:0:0: Beginning Domain Validation
[   25.756042] scsi target2:0:0: Domain Validation skipping write tests
[   25.805133] scsi target2:0:0: Ending Domain Validation
[   25.807447] scsi target2:0:0: asynchronous
[   25.823173] scsi 2:0:1:0: Direct-Access     VBOX     HARDDISK         1.0  PQ: 0 ANSI: 5
[   26.108677] scsi target2:0:1: Beginning Domain Validation
[   26.179324] scsi target2:0:1: Domain Validation skipping write tests
[   26.243139] scsi target2:0:1: Ending Domain Validation
[   26.278213] scsi target2:0:1: asynchronous
[   26.762623] sd 2:0:0:0: [sda] 20971520 512-byte logical blocks: (10.7 GB/10.0 GiB)
[   26.848034] sd 2:0:0:0: Attached scsi generic sg0 type 0
[   26.888701] sd 2:0:0:0: [sda] Write Protect is off
[   26.888804] sd 2:0:1:0: Attached scsi generic sg1 type 0
[   26.992076] sd 2:0:1:0: [sdb] 20480 512-byte logical blocks: (10.5 MB/10.0 MiB)
[   27.006452] sd 2:0:0:0: [sda] Incomplete mode parameter data
[   27.037484] sd 2:0:0:0: [sda] Assuming drive cache: write through
[   27.088343]  sda: sda1
[   27.582994] floppy0: no floppy controllers found
[   27.955850] work still pending
[   27.966740] sd 2:0:0:0: [sda] Attached SCSI disk
[   57.663838] mptscsih: ioc0: attempting task abort! (sc=ffff88003e3b3200)
[   57.963264] sd 2:0:1:0: tag#1 CDB: Inquiry 12 01 00 00 40 00
[   58.568701] mptscsih: ioc0: task abort: FAILED (rv=2003) (sc=ffff88003e3b3200)
[   59.023271] mptscsih: ioc0: attempting target reset! (sc=ffff88003e3b3200)
[   59.057495] sd 2:0:1:0: tag#1 CDB: Inquiry 12 01 00 00 40 00
[   59.921154] mptscsih: ioc0: target reset: SUCCESS (sc=ffff88003e3b3200)
[   60.045332] sd 2:0:1:0: [sdb] Write Protect is off
[   60.048940] sd 2:0:1:0: [sdb] Incomplete mode parameter data
[   60.052957] sd 2:0:1:0: [sdb] Assuming drive cache: write through
[   60.057616] sd 2:0:1:0: [sdb] Attached SCSI disk
Begin: Loading e[   61.420162] md: linear personality registered for level -1
ssential drivers[   61.469758] md: multipath personality registered for level -4
 ... [   61.523849] md: raid0 personality registered for level 0
[   61.560037] md: raid1 personality registered for level 1
[   61.669010] raid6: sse2x1   gen()  8052 MB/s
[   61.756616] raid6: sse2x1   xor()  5108 MB/s
[   61.844834] raid6: sse2x2   gen()  8209 MB/s
[   61.949004] raid6: sse2x2   xor()  6639 MB/s
[   62.072656] raid6: sse2x4   gen() 11029 MB/s
[   62.172872] raid6: sse2x4   xor()  6990 MB/s
[   62.190253] raid6: using algorithm sse2x4 gen() 11029 MB/s
[   62.240932] raid6: .... xor() 6990 MB/s, rmw enabled
[   62.282558] raid6: using ssse3x2 recovery algorithm
[   62.331912] xor: automatically using best checksumming function:
[   62.445102]    avx       : 20324.000 MB/sec
[   62.453662] async_tx: api initialized (async)
[   62.511874] md: raid6 personality registered for level 6
[   62.581532] md: raid5 personality registered for level 5
[   62.606407] md: raid4 personality registered for level 4
[   62.618795] md: raid10 personality registered for level 10
done.
Begin: Running /scripts/init-p[   62.678123] Btrfs loaded
remount ... done.
Begin: Mounting root file system ... Begin: Running /scripts/local-top ... do[   62.787318] EXT4-fs (sda1): mounted filesystem with ordered data mode. Opts: (null)
ne.
Begin: Running /scripts/local-premount ... Scanning for Btrfs filesystems
done.
Warning: fsck not present, so skipping root file system
done.
Begin: Running /scripts/local-bottom ... done.
Begin: Running /scripts/init-bottom ... Warning: overlayroot: debug is busted
done.
[   62.893953] systemd[1]: systemd 229 running in system mode. (+PAM +AUDIT +SELINUX +IMA +APPARMOR +SMACK +SYSVINIT +UTMP +LIBCRYPTSETUP +GCRYPT +GNUTLS +ACL +XZ -LZ4 +SECCOMP +BLKID +ELFUTILS +KMOD -IDN)
[   63.026262] systemd[1]: Detected virtualization oracle.
[   63.029008] systemd[1]: Detected architecture x86-64.

Welcome to [1mUbuntu 16.04.1 LTS[0m!

[ 633081syem1]Sehotnam to <repo>.
[   63.811691] systemd[1]: Listening on udev Control Socket.
[[0;32m  OK  [0m] Listening on udev Control Socket.
[  63.922254] systemd[1]: Listening on Journal Socket.
[[0;32m  OK  [0m] Listening on Journal Socket.
[  6.97253 systemd1]Lienngn url di Ske

[[0;32m  OK  [0m] Listening on Journal Audit Socket.
[ 64099]ysmd]:Listening on /dev/initctlCopatibility Named Pipe.
[[0;32m  OK  [0m] Listening on /dev/initctl Compatibility Named Pipe.
[   65.028144] systemd[1]: Listening on Syslog Socket.
[[0;32m  OK  [0m] Listening on Syslog Socket.
[   5.15] std[: acd rg User and Group Name Lookups.
[[0;32m  OK  [0m] Reached target User and Group Name Lookups.
[   5.94] std[: Listenng on Journal Socket (/dev/log).
[[0;32m  OK  [0m] Listening on Journal Socket (/dev/log).
[ 66.107018] systemd[1]: Created slice User and Session Slice.

[[0;32m  OK  [0m] Created slice User and Session Slice.
[ 66811]ysemd[1]: Listening on LVM2 metadata daemon socket.

[[0;32m  OK  [0m] Listening on LVM2 metadata daemon socket.
[ 66259] sstd[: ared Fwa Password Requests o all Diecory at.
[[0;32m  OK  [0m] Started Forward Password Requests to Wall Directory Watch.
[  6.157 ste[1 Rchd tageSw.
[[0;32m  OK  [0m] Reached target Swap.
[ 67697]systmd1]: isenin on udev KneSoet

[   68.287249] random: nonblocking pool is initialized
[[0;32m  OK  [0m] Listening on udev Kernel Socket.
[   68.297388] systemd[1]: Lisening on Device-mapper event daemon FIFOs.
[[0;32m  OK  [0m] Listening on Device-mapper event daemon FIFOs.
[ 68734]ysted[: ead icSyemSlce.
[[0;32m  OK  [0m] Created slice System Slice.
[   69.024853] systemd[1]: Mounting Huge Pages File System...
         Mounting Huge Pages File System...
[   69.079112] systemd[1]: Reached target Slices.
[[0;32m  OK  [0m] Reached target Slices.
[   69.153642] systemd[1]: Starting Remount Root and Kernel File Systems...
         Starting Remount[   69.199469] EXT4-fs (sda1): re-mounted. Opts: (null)
 Root and Kernel File Systems...
[   69.288996] systemd[1]: Starting Uncomplicated firewall...
         Starting Uncomplicated firewall...
[   69.378247] systemd[1]: Starting Monitoring of LVM2 mirrors, snapshots etc. using dmeventd or progress polling...
         Starting Monitoring of LVM2 mirrors... dmeventd or progress polling...
[   69.645361] systemd[1]: Starting Load Kernel Modules...
         [   69.685818] Loading iSCSI transport class v2.0-870.
Starting Load Kernel Modules...[   69.730189] iscsi: registered transport (tcp)

[   69.785171] systemd[1]: Mounting POSIX Message Queue File System...
         Mounting POSIX M[   69.821398] iscsi: registered transport (iser)
essage Queue File System...
[   70.125514] systemd[1]: Starting Create list of required static device nodes for the current kernel...
         Starting Create list of required st... nodes for the current kernel...
[   70.147560] systemd[1]: Starting Set console keymap...
         Starting Set console keymap...
[   70.154569] systemd[1]: Set up automount Arbitrary Executable File Formats File System Automount Point.
[[0;32m  OK  [0m] Set up automount Arbitrary Executab...ats File System Automount Point.
[   70.170379] systemd[1]: Created slice system-serial\x2dgetty.slice.
[[0;32m  OK  [0m] Created slice system-serial\x2dgetty.slice.
[   70.196891] systemd[1]: Starting Nameserver information manager...
         Starting Nameserver information manager...
[   70.281128] systemd[1]: Mounting Debug File System...
         Mounting Debug File System...
[ 70.358552] systemd[1]: Reached target Encrypted Volumes.
[[0;32m  OK  [0m] Reached target Encrypted Volumes.
[   70.601148] systemd[1]: Starting Journal Service...
         Starting Journal Service...
[   70.649321] systemd[1]: Listening on LVM2 poll daemon socket.
[[0;32m  OK  [0m] Listening on LVM2 poll daemon socket.
[  70.728202 systemd[1]: Mounted Debug FileSyem.

[[0;32m  OK  [0m] Mounted Debug File System.
[  70.921787] systemd[1 Mounted Hug Pges leSyem

[[0;32m  OK  [0m] Mounted Huge Pages File System.
[ 7191396]ystemd[1]: Monted POSIX Message Queue File System.
[[0;32m  OK  [0m] Mounted POSIX Message Queue File System.
[ 71.512785] systemd[1]: Started Journal Service.

[[0;32m  OK  [0m] Started Journal Service.
[[0;32m  OK  [0m] Started Remount Root and Kernel File Systems.
[[0;32m  OK  [0m] Started Uncomplicated firewall.
[[0;32m  OK  [0m] Started Load Kernel Modules.
[[0;32m  OK  [0m] Started Create list of required sta...ce nodes for the current kernel.
[[0;32m  OK  [0m] Started Set console keymap.
[[0;32m  OK  [0m] Started Nameserver information manager.
[[0;32m  OK  [0m] Started LVM2 metadata daemon.
         Starting Create Static Device Nodes in /dev...
         Mounting FUSE Control File System...
         Starting Apply Kernel Variables...
         Starting Load/Save Random Seed...
         Starting udev Coldplug all Devices...
         Starting Flush Journal to Persistent Storage...
[[0;32m  OK  [0m] Mounted FUSE Control File System.
[[0;32m  OK  [0m] Started Create Static Device Nodes in /dev.
[[0;32m  OK  [0m] Started Apply Kernel Variables.
[[0;32m  OK  [0m] Started Load/Save Random Seed.
[[0;32m  OK  [0m] Started udev Coldplug all Devices.
[[0;32m  OK  [0m] Started Flush Journal to Persistent Storage.
[[0;32m  OK  [0m] Started Monitoring of LVM2 mirrors,...ng dmeventd or progress polling.
         Starting udev Kernel Device Manager...
[[0;32m  OK  [0m] Started udev Kernel Device Manager.
[[0;32m  OK  [0m] Started Dispatch Password Requests to Console Directory Watch.
[[0;32m  OK  [0m] Reached target Local File Systems (Pre).
[[0;32m  OK  [0m] Reached target Local File Systems.
         Starting Initial cloud-init job (pre-networking)...
         Starting Create Volatile Files and Directories...
         Starting Tell Plymouth To Write Out Runtime Data...
         Starting Set console font and keymap...
         Starting LSB: AppArmor initialization...
[[0;32m  OK  [0m] Started Create Volatile Files and Directories.
[[0;32m  OK  [0m] Reached target System Time Synchronized.
         Starting Update UTMP about System Boot/Shutdown...
[[0;32m  OK  [0m] Started Update UTMP about System Boot/Shutdown.
[[0;32m  OK  [0m] Started Set console font and keymap.
[[0;32m  OK  [0m] Created slice system-getty.slice.
[[0;32m  OK  [0m] Found device /dev/ttyS0.
[[0;32m  OK  [0m] Found device 82540EM Gigabit Ethern...r (PRO/1000 MT Desktop Adapter).
[[0;32m  OK  [0m] Listening on Load/Save RF Kill Switch Status /dev/rfkill Watch.
[[0;32m  OK  [0m] Started Tell Plymouth To Write Out Runtime Data.
[   92.285734] cloud-init[974]: Cloud-init v. 0.7.7 running 'init-local' at Tue, 30 Aug 2016 16:50:44 +0000. Up 60.15 seconds.
[[0;32m  OK  [0m] Started LSB: AppArmor initialization.
[[0;32m  OK  [0m] Started Initial cloud-init job (pre-networking).
[[0;32m  OK  [0m] Reached target Network (Pre).
         Starting Raise network interfaces...
[[0;32m  OK  [0m] Started ifup for enp0s3.
[[0;32m  OK  [0m] Reached target System Initialization.
         Starting Socket activation for snappy daemon.
[[0;32m  OK  [0m] Started Daily apt activities.
[[0;32m  OK  [0m] Started Trigger resolvconf update for networkd DNS.
[[0;32m  OK  [0m] Listening on D-Bus System Message Bus Socket.
[[0;32m  OK  [0m] Started Daily Cleanup of Temporary Directories.
[[0;32m  OK  [0m] Started ACPI Events Check.
[[0;32m  OK  [0m] Reached target Paths.
[[0;32m  OK  [0m] Listening on ACPID Listen Socket.
[[0;32m  OK  [0m] Started Timer to automatically refresh installed snaps.
[[0;32m  OK  [0m] Reached target Timers.
         Starting LXD - unix socket.
[[0;32m  OK  [0m] Listening on UUID daemon activation socket.
[[0;32m  OK  [0m] Listening on Socket activation for snappy daemon.
[[0;32m  OK  [0m] Listening on LXD - unix socket.
[[0;32m  OK  [0m] Reached target Sockets.
[[0;32m  OK  [0m] Reached target Basic System.
[[0;32m  OK  [0m] Started Regular background program processing daemon.
         Starting LSB: Record successful boot for GRUB...
[[0;32m  OK  [0m] Started Snappy daemon.
         Starting System Logging Service...
[[0;32m  OK  [0m] Started ACPI event daemon.
[[0;32m  OK  [0m] Started D-Bus System Message Bus.
[[0;32m  OK  [0m] Started Deferred execution scheduler.
         Starting Login Service...
         Starting vboxadd-x11.service...
         Starting LXD - container startup/shutdown...
[[0;32m  OK  [0m] Started FUSE filesystem for LXC.
         Starting LSB: MD monitoring daemon...
         Starting vboxadd.service...
         Starting Accounts Service...
[[0;32m  OK  [0m] Started System Logging Service.
[[0;32m  OK  [0m] Started vboxadd-x11.service.
[[0;32m  OK  [0m] Started LXD - container startup/shutdown.
[[0;32m  OK  [0m] Started LSB: Record successful boot for GRUB.
[[0;32m  OK  [0m] Started vboxadd.service.
[[0;32m  OK  [0m] Started Raise network interfaces.
[[0;32m  OK  [0m] Started LSB: MD monitoring daemon.
[[0;32m  OK  [0m] Started Login Service.
         Starting Authenticate and Authorize Users to Run Privileged Tasks...
[[0;32m  OK  [0m] Reached target Network.
         Starting The PHP 7.0 FastCGI Process Manager...
         Starting Initial cloud-init job (metadata service crawler)...
         Starting vboxadd-service.service...
[[0;32m  OK  [0m] Started Authenticate and Authorize Users to Run Privileged Tasks.
[[0;32m  OK  [0m] Started vboxadd-service.service.
[[0;32m  OK  [0m] Started Accounts Service.
[[0;32m  OK  [0m] Started The PHP 7.0 FastCGI Process Manager.
[   94.985511] cloud-init[2176]: Cloud-init v. 0.7.7 running 'init' at Tue, 30 Aug 2016 16:51:18 +0000. Up 94.69 seconds.
[[0;32m  OK  [0m] Started Initial cloud-init job (metadata service crawler).
[[0;32m  OK  [0m] Reached target Cloud-config availability.
[[0;32m  OK  [0m] Reached target Network is Online.
[   95.071229] cloud-init[2176]: ci-info: +++++++++++++++++++++++++++++++++++++Net device info+++++++++++++++++++++++++++++++++++++
         Starting /etc/rc.local Compatibility...
[   95.324733] cloud-init[2176]: ci-info: +--------+------+---------------------------+---------------+-------+-------------------+
[   95.474525]          cloud-initStarting iSCSI initiator daemon (iscsid)...[2176]: 
ci-info: | Device |  Up  |          Address          |      Mask     | Scope |     Hw-Address    |
[   95.475393] cloud-init[2176]: ci-info: +--------+------+---------------------------+---------------+-------+-------------------+
[   95.664665]          cloud-initStarting Apply the settings specified in cloud-config...[2176]: 
ci-info: |   lo   | True |         127.0.0.1         |   255.0.0.0   |   .   |         .         |
[   95.844917]          cloud-initStarting OpenBSD Secure Shell server...[2176]: 
ci-info: |   lo   | True |          ::1/128          |       .       |  host |         .         |
[   95.968708] [cloud-init[0;32m  OK  [0m[2176]: ] ci-info: | enp0s3 | True |         10.0.2.15         | 255.255.255.0 |   .   | 02:82:9e:07:08:84 |Started OpenBSD Secure Shell server.

[   95.969298] cloud-init[2176]: ci-info: | enp0s3 | True | fe80::82:9eff:fe07:884/64 |       .       |  link | 02:82:9e:07:08:84 |
[   96.240796] cloud-init[2176]: ci-info: +--------+------+---------------------------+---------------+-------+-------------------+
[   96.241338] cloud-init[2176]: ci-info: +++++++++++++++++++++++++++Route IPv4 info++++++++++++++++++++++++++++
[[0;32m  OK  [0m] Started /etc/rc.local Compatibility.
[   96.241670] cloud-init[2176]: ci-info: +-------+-------------+----------+---------------+-----------+-------+
[   96.393605] cloud-init[2176]: ci-info: | Route | Destination | Gateway  |    Genmask    | Interface | Flags |
[   96.393877] cloud-init[2176]: ci-info: +-------+-------------+----------+---------------+-----------+-------+
[   96.394010] cloud-init[2176]: ci-info: |   0   |   0.0.0.0   | 10.0.2.2 |    0.0.0.0    |   enp0s3  |   UG  |[
[0;32m  OK  [0m] Started Apply the settings specified in cloud-config.
[   96.394374] cloud-init[2176]: ci-info: |   1   |   10.0.2.0  | 0.0.0.0  | 255.255.255.0 |   enp0s3  |   U   |
[   96.487294] cloud-init[2176]: ci-info: +-------+-------------+----------+---------------+-----------+-------+
[[0;32m  OK  [0m] Started iSCSI initiator daemon (iscsid).
[   96.490202] cloud-init[2251]: Cloud-init v. 0.7.7 running 'modules:config' at Tue, 30 Aug 2016 16:51:20 +0000. Up 95.93 seconds.
         Starting Login to default iSCSI targets...
         Starting Execute cloud user/final scripts...
[[0;32m  OK  [0m] Started Login to default iSCSI targets.
[[0;32m  OK  [0m] Reached target Remote File Systems (Pre).
[[0;32m  OK  [0m] Reached target Remote File Systems.
         Starting LSB: automatic crash report generation...
         Starting LSB: Set the CPU Frequency Scaling governor to "ondemand"...
         Starting Permit User Sessions...
         Starting LSB: daemon to balance interrupts for SMP systems...
[[0;32m  OK  [0m] Started Permit User Sessions.
         Starting Hold until boot process finishes up...
         Starting Terminate Plymouth Boot Screen...
[[0;32m  OK  [0m] Started LSB: automatic crash report generation.
[[0;32m  OK  [0m] Started LSB: Set the CPU Frequency Scaling governor to "ondemand".
[[0;32m  OK  [0m] Started LSB: daemon to balance interrupts for SMP systems.
[[0;32m  OK  [0m] Started Hold until boot process finishes up.
[[0;32m  OK  [0m] Started Terminate Plymouth Boot Screen.
[   97.119178] cloud-init[2279]: Cloud-init v. 0.7.7 running 'modules:final' at Tue, 30 Aug 2016 16:51:21 +0000. Up 97.03 seconds.
[   97.196785] cloud-init[2279]: Cloud-init v. 0.7.7 finished at Tue, 30 Aug 2016 16:51:21 +0000. Datasource DataSourceNoCloud [seed=/dev/sdb][dsmode=net].  Up 97.11 seconds[
[0;32m  OK  [0m] Created slice User Slice of ubuntu.
[[0;32m  OK  [0m] Started Session 1 of user ubuntu.
         Starting User Manager for UID 1000...
[[0;32m  OK  [0m] Started Serial Getty on ttyS0.
         Starting Set console scheme...
[[0;32m  OK  [0m] Started Getty on tty1.
[[0;32m  OK  [0m] Reached target Login Prompts.
[[0;32m  OK  [0m] Started User Manager for UID 1000.
[[0;32m  OK  [0m] Started Execute cloud user/final scripts.
[[0;32m  OK  [0m] Started Set console scheme.
[[0;32m  OK  [0m] Reached target Cloud-init target.
[[0;32m  OK  [0m] Reached target Multi-User System.
[[0;32m  OK  [0m] Reached target Graphical Interface.
         Starting Update UTMP about System Runlevel Changes...
[[0;32m  OK  [0m] Started Update UTMP about System Runlevel Changes.

Ubuntu 16.04.1 LTS repos ttyS0

repos login: 